<?xml version="1.0" encoding="UTF-8"?>
<!-- Generated by org.testng.reporters.JUnitXMLReporter -->
<testsuite ignored="0" hostname="Laptop-60" failures="1" tests="1" name="Connect Testing" time="31.047" errors="0" timestamp="2024-10-17T10:44:47 IST">
  <testcase classname="demodesign.UITest1" name="startbrowser" time="31.01">
    <failure type="org.openqa.selenium.WebDriverException" message="Failed to decode response from marionette
Build info: version: &amp;apos;4.14.1&amp;apos;, revision: &amp;apos;03f8ede370&amp;apos;
System info: os.name: &amp;apos;Windows 11&amp;apos;, os.arch: &amp;apos;amd64&amp;apos;, os.version: &amp;apos;10.0&amp;apos;, java.version: &amp;apos;21.0.2&amp;apos;
Driver info: org.openqa.selenium.firefox.FirefoxDriver
Command: [65ffc202-c1a9-4a7a-a1ea-15f87fee12ed, quit {}]
Capabilities {acceptInsecureCerts: true, browserName: firefox, browserVersion: 131.0.3, moz:accessibilityChecks: false, moz:buildID: 20241011205646, moz:geckodriverVersion: 0.35.0, moz:headless: false, moz:platformVersion: 10.0, moz:processID: 31940, moz:profile: C:\Users\Laptop60\AppData\L..., moz:shutdownTimeout: 60000, moz:webdriverClick: true, moz:windowless: false, pageLoadStrategy: normal, platformName: windows, proxy: Proxy(), setWindowRect: true, strictFileInteractability: false, timeouts: {implicit: 0, pageLoad: 300000, script: 30000}, unhandledPromptBehavior: dismiss and notify, userAgent: Mozilla/5.0 (Windows NT 10....}
Session ID: 65ffc202-c1a9-4a7a-a1ea-15f87fee12ed">
      <![CDATA[org.openqa.selenium.WebDriverException: Failed to decode response from marionette
Build info: version: '4.14.1', revision: '03f8ede370'
System info: os.name: 'Windows 11', os.arch: 'amd64', os.version: '10.0', java.version: '21.0.2'
Driver info: org.openqa.selenium.firefox.FirefoxDriver
Command: [65ffc202-c1a9-4a7a-a1ea-15f87fee12ed, quit {}]
Capabilities {acceptInsecureCerts: true, browserName: firefox, browserVersion: 131.0.3, moz:accessibilityChecks: false, moz:buildID: 20241011205646, moz:geckodriverVersion: 0.35.0, moz:headless: false, moz:platformVersion: 10.0, moz:processID: 31940, moz:profile: C:\Users\Laptop60\AppData\L..., moz:shutdownTimeout: 60000, moz:webdriverClick: true, moz:windowless: false, pageLoadStrategy: normal, platformName: windows, proxy: Proxy(), setWindowRect: true, strictFileInteractability: false, timeouts: {implicit: 0, pageLoad: 300000, script: 30000}, unhandledPromptBehavior: dismiss and notify, userAgent: Mozilla/5.0 (Windows NT 10....}
Session ID: 65ffc202-c1a9-4a7a-a1ea-15f87fee12ed
at org.openqa.selenium.remote.codec.w3c.W3CHttpResponseCodec.createException(W3CHttpResponseCodec.java:200)
at org.openqa.selenium.remote.codec.w3c.W3CHttpResponseCodec.decode(W3CHttpResponseCodec.java:133)
at org.openqa.selenium.remote.codec.w3c.W3CHttpResponseCodec.decode(W3CHttpResponseCodec.java:52)
at org.openqa.selenium.remote.HttpCommandExecutor.execute(HttpCommandExecutor.java:191)
at org.openqa.selenium.remote.service.DriverCommandExecutor.invokeExecute(DriverCommandExecutor.java:200)
at org.openqa.selenium.remote.service.DriverCommandExecutor.lambda$execute$1(DriverCommandExecutor.java:128)
at java.base/java.util.concurrent.CompletableFuture$AsyncSupply.run(CompletableFuture.java:1768)
at java.base/java.util.concurrent.ThreadPoolExecutor.runWorker(ThreadPoolExecutor.java:1144)
at java.base/java.util.concurrent.ThreadPoolExecutor$Worker.run(ThreadPoolExecutor.java:642)
at java.base/java.lang.Thread.run(Thread.java:1583)
... Removed 3 stack frames]]>
    </failure>
  </testcase> <!-- startbrowser -->
</testsuite> <!-- Connect Testing -->
