<?xml version="1.0" encoding="UTF-8"?>
<testng-results ignored="0" total="1" passed="1" failed="0" skipped="0">
  <reporter-output>
  </reporter-output>
  <suite started-at="2024-03-31T14:28:36 IST" name="All Test Suite" finished-at="2024-03-31T14:29:04 IST" duration-ms="27217">
    <groups>
    </groups>
    <test started-at="2024-03-31T14:28:36 IST" name="Connect Testing" finished-at="2024-03-31T14:29:04 IST" duration-ms="27217">
      <class name="demodesign.UITest1">
        <test-method signature="startbrowser()[pri:0, instance:demodesign.UITest1@47af7f3d]" started-at="2024-03-31T14:28:36 IST" name="startbrowser" finished-at="2024-03-31T14:29:04 IST" duration-ms="27162" status="PASS">
          <reporter-output>
          </reporter-output>
        </test-method> <!-- startbrowser -->
      </class> <!-- demodesign.UITest1 -->
    </test> <!-- Connect Testing -->
  </suite> <!-- All Test Suite -->
</testng-results>
